<?xml version='1.0' encoding='UTF-8'?>
<testsuite hostname="raes-mbp.lan" name="edu.cse6250.phenotyping.T2dmPhenotypeTest" tests="2" errors="0" failures="0" skipped="0" time="22.815" timestamp="2022-10-01T15:51:50">
          <properties>
[...]
</properties>
          <testcase classname="edu.cse6250.phenotyping.T2dmPhenotypeTest" name="transform should give expected results" time="13.082">
                      
                    </testcase><testcase classname="edu.cse6250.phenotyping.T2dmPhenotypeTest" name="stat_calc should give expected results" time="9.733">
                      
                    </testcase>
          <system-out><![CDATA[]]></system-out>
          <system-err><![CDATA[]]></system-err>
        </testsuite>